<?xml version="1.0" ?><testsuite name="org.apache.xerces.tests.schema.config.IgnoreXSIType_C_C_Test" time="0.372" timestamp="2025-12-05T09:00:27" tests="1" failures="1" skipped="0" aborted="0"><properties>
[...]
</properties><testcase classname="org.apache.xerces.tests.schema.config.IgnoreXSIType_C_C_Test" name="testSetTrueDocument()" time="0.28"><failure message="{validity} was &lt;partial&gt; but it should have been &lt;none&gt; ==&gt; expected: &lt;0&gt; but was: &lt;1&gt;" type="org.opentest4j.AssertionFailedError"><![CDATA[org.opentest4j.AssertionFailedError: {validity} was <partial> but it should have been <none> ==> expected: <0> but was: <1>
	at org.junit.jupiter.api@6.0.1/org.junit.jupiter.api.AssertionFailureBuilder.build(AssertionFailureBuilder.java:158)
	at org.junit.jupiter.api@6.0.1/org.junit.jupiter.api.AssertionFailureBuilder.buildAndThrow(AssertionFailureBuilder.java:139)
	at org.junit.jupiter.api@6.0.1/org.junit.jupiter.api.AssertEquals.failNotEqual(AssertEquals.java:201)
	at org.junit.jupiter.api@6.0.1/org.junit.jupiter.api.AssertEquals.assertEquals(AssertEquals.java:136)
	at org.junit.jupiter.api@6.0.1/org.junit.jupiter.api.Assertions.assertEquals(Assertions.java:384)
	at xercesImpl/org.apache.xerces.tests.schema.config.BaseTest.assertValidationAttempted(BaseTest.java:203)
	at xercesImpl/org.apache.xerces.tests.schema.config.IgnoreXSIType_C_C_Test.checkTrueResult(IgnoreXSIType_C_C_Test.java:138)
	at xercesImpl/org.apache.xerces.tests.schema.config.IgnoreXSIType_C_C_Test.testSetTrueDocument(IgnoreXSIType_C_C_Test.java:116)
]]></failure></testcase></testsuite>